<?xml version="1.0" encoding="UTF-8"?>
<testsuite xmlns:xsi="http://www.w3.org/2001/XMLSchema-instance" xsi:noNamespaceSchemaLocation="https://maven.apache.org/surefire/maven-surefire-plugin/xsd/surefire-test-report.xsd" name="com.bring.project.bring.model.entity.BaseEntityTest" time="0.001" tests="6" errors="0" skipped="0" failures="0">
  <properties>
[...]
</properties>
  <testcase name="getCreatedDate" classname="com.bring.project.bring.model.entity.BaseEntityTest" time="0"/>
  <testcase name="setLastModifiedDate" classname="com.bring.project.bring.model.entity.BaseEntityTest" time="0"/>
  <testcase name="testHashCode" classname="com.bring.project.bring.model.entity.BaseEntityTest" time="0"/>
  <testcase name="getLastModifiedDate" classname="com.bring.project.bring.model.entity.BaseEntityTest" time="0"/>
  <testcase name="testEquals" classname="com.bring.project.bring.model.entity.BaseEntityTest" time="0"/>
  <testcase name="setCreatedDate" classname="com.bring.project.bring.model.entity.BaseEntityTest" time="0"/>
</testsuite>